2022-05-20 16:16:28,956:INFO:PyCaret Supervised Module
2022-05-20 16:16:28,957:INFO:ML Usecase: classification
2022-05-20 16:16:28,957:INFO:version 2.3.10
2022-05-20 16:16:28,957:INFO:Initializing setup()
2022-05-20 16:16:28,957:INFO:setup(target=genre, ml_usecase=classification, available_plots={'parameter': 'Hyperparameters', 'auc': 'AUC', 'confusion_matrix': 'Confusion Matrix', 'threshold': 'Threshold', 'pr': 'Precision Recall', 'error': 'Prediction Error', 'class_report': 'Class Report', 'rfe': 'Feature Selection', 'learning': 'Learning Curve', 'manifold': 'Manifold Learning', 'calibration': 'Calibration Curve', 'vc': 'Validation Curve', 'dimension': 'Dimensions', 'feature': 'Feature Importance', 'feature_all': 'Feature Importance (All)', 'boundary': 'Decision Boundary', 'lift': 'Lift Chart', 'gain': 'Gain Chart', 'tree': 'Decision Tree', 'ks': 'KS Statistic Plot'}, train_size=0.7, test_data=None, preprocess=True, imputation_type=simple, iterative_imputation_iters=5, categorical_features=None, categorical_imputation=constant, categorical_iterative_imputer=lightgbm, ordinal_features=None, high_cardinality_features=None, high_cardinality_method=frequency, numeric_features=None, numeric_imputation=mean, numeric_iterative_imputer=lightgbm, date_features=None, ignore_features=None, normalize=False, normalize_method=zscore, transformation=False, transformation_method=yeo-johnson, handle_unknown_categorical=True, unknown_categorical_method=least_frequent, pca=False, pca_method=linear, pca_components=None, ignore_low_variance=False, combine_rare_levels=False, rare_level_threshold=0.1, bin_numeric_features=None, remove_outliers=False, outliers_threshold=0.05, remove_multicollinearity=False, multicollinearity_threshold=0.9, remove_perfect_collinearity=True, create_clusters=False, cluster_iter=20, polynomial_features=False, polynomial_degree=2, trigonometry_features=False, polynomial_threshold=0.1, group_features=None, group_names=None, feature_selection=False, feature_selection_threshold=0.8, feature_selection_method=classic, feature_interaction=False, feature_ratio=False, interaction_threshold=0.01, fix_imbalance=False, fix_imbalance_method=None, transform_target=False, transform_target_method=box-cox, data_split_shuffle=True, data_split_stratify=False, fold_strategy=stratifiedkfold, fold=10, fold_shuffle=False, fold_groups=None, n_jobs=-1, use_gpu=False, custom_pipeline=None, html=True, session_id=None, log_experiment=False, experiment_name=None, experiment_custom_tags=None, log_plots=False, log_profile=False, log_data=False, silent=False, verbose=True, profile=False, profile_kwargs=None, display=None)
2022-05-20 16:16:28,958:INFO:Checking environment
2022-05-20 16:16:28,958:INFO:python_version: 3.7.12
2022-05-20 16:16:28,958:INFO:python_build: ('default', 'Oct 12 2021 03:36:26')
2022-05-20 16:16:28,958:INFO:machine: x86_64
2022-05-20 16:16:28,959:INFO:platform: Linux-5.4.95-42.163.amzn2.x86_64-x86_64-with-debian-10.11
2022-05-20 16:16:28,961:WARNING:cannot find psutil installation. memory not traceable. Install psutil using pip to enable memory logging.
2022-05-20 16:16:28,961:INFO:Checking libraries
2022-05-20 16:16:28,961:INFO:pd==1.2.5
2022-05-20 16:16:28,961:INFO:numpy==1.21.6
2022-05-20 16:16:28,961:INFO:sklearn==0.23.2
2022-05-20 16:16:28,961:INFO:lightgbm==3.3.2
2022-05-20 16:16:28,962:WARNING:catboost not found
2022-05-20 16:16:28,962:WARNING:xgboost not found
2022-05-20 16:16:28,962:INFO:mlflow==1.26.0
2022-05-20 16:16:28,963:INFO:Checking Exceptions
2022-05-20 16:16:28,964:INFO:Declaring global variables
2022-05-20 16:16:28,964:INFO:USI: e583
2022-05-20 16:16:28,964:INFO:pycaret_globals: {'data_before_preprocess', 'imputation_classifier', '_gpu_n_jobs_param', 'create_model_container', '_internal_pipeline', 'fold_groups_param', 'html_param', 'X_test', 'imputation_regressor', 'fold_generator', 'experiment__', 'transform_target_method_param', 'fold_shuffle_param', 'y', '_all_metrics', 'seed', '_all_models_internal', 'gpu_param', 'X', '_all_models', '_available_plots', 'fold_groups_param_full', 'n_jobs_param', 'pycaret_globals', 'fix_imbalance_method_param', 'exp_name_log', 'y_train', 'y_test', 'USI', 'transform_target_param', 'prep_pipe', '_ml_usecase', 'master_model_container', 'stratify_param', 'logging_param', 'dashboard_logger', 'target_param', 'fix_imbalance_param', 'log_plots_param', 'fold_param', 'X_train', 'display_container', 'iterative_imputation_iters_param'}
2022-05-20 16:16:28,964:INFO:Preparing display monitor
2022-05-20 16:16:28,964:INFO:Preparing display monitor
2022-05-20 16:16:29,002:INFO:Importing libraries
2022-05-20 16:16:29,003:INFO:Copying data for preprocessing
2022-05-20 16:16:29,038:INFO:Declaring preprocessing parameters
2022-05-20 16:16:29,041:INFO:Creating preprocessing pipeline
2022-05-20 16:16:29,069:INFO:Preprocessing pipeline created successfully
2022-05-20 16:16:29,069:ERROR:(Process Exit): setup has been interupted with user command 'quit'. setup must rerun.
2022-05-20 16:16:29,069:INFO:Creating global containers
2022-05-20 16:16:29,071:INFO:Internal pipeline: Pipeline(memory=None, steps=[('empty_step', 'passthrough')], verbose=False)
2022-05-20 16:16:37,864:WARNING:Couldn't import xgboost.XGBClassifier
2022-05-20 16:16:37,865:WARNING:Couldn't import catboost.CatBoostClassifier
2022-05-20 16:16:38,003:WARNING:Couldn't import xgboost.XGBClassifier
2022-05-20 16:16:38,003:WARNING:Couldn't import catboost.CatBoostClassifier
2022-05-20 16:16:38,004:INFO:Creating grid variables
2022-05-20 16:16:38,034:INFO:create_model_container: 0
2022-05-20 16:16:38,034:INFO:master_model_container: 0
2022-05-20 16:16:38,034:INFO:display_container: 1
2022-05-20 16:16:38,042:INFO:Pipeline(memory=None,
         steps=[('dtypes',
                 DataTypes_Auto_infer(categorical_features=[],
                                      display_types=True, features_todrop=[],
                                      id_columns=[],
                                      ml_usecase='classification',
                                      numerical_features=[], target='genre',
                                      time_features=[])),
                ('imputer',
                 Simple_Imputer(categorical_strategy='not_available',
                                fill_value_categorical=None,
                                fill_value_numerical=None,
                                numeric_strate...
                ('scaling', 'passthrough'), ('P_transform', 'passthrough'),
                ('binn', 'passthrough'), ('rem_outliers', 'passthrough'),
                ('cluster_all', 'passthrough'),
                ('dummy', Dummify(target='genre')),
                ('fix_perfect', Remove_100(target='genre')),
                ('clean_names', Clean_Colum_Names()),
                ('feature_select', 'passthrough'), ('fix_multi', 'passthrough'),
                ('dfs', 'passthrough'), ('pca', 'passthrough')],
         verbose=False)
2022-05-20 16:16:38,043:INFO:setup() succesfully completed......................................
2022-05-20 16:17:00,369:INFO:Initializing compare_models()
2022-05-20 16:17:00,370:INFO:compare_models(include=None, fold=None, round=4, cross_validation=True, sort=Accuracy, n_select=1, budget_time=None, turbo=True, errors=ignore, fit_kwargs=None, groups=None, experiment_custom_tags=None, probability_threshold=None, verbose=True, display=None, exclude=None)
2022-05-20 16:17:00,370:INFO:Checking exceptions
2022-05-20 16:17:00,376:INFO:Preparing display monitor
2022-05-20 16:17:00,376:INFO:Preparing display monitor
2022-05-20 16:17:00,503:INFO:Initializing Logistic Regression
2022-05-20 16:17:00,504:INFO:Total runtime is 3.4848848978678387e-06 minutes
2022-05-20 16:17:00,543:INFO:SubProcess create_model() called ==================================
2022-05-20 16:17:00,544:INFO:Initializing create_model()
2022-05-20 16:17:00,544:INFO:create_model(estimator=lr, fold=StratifiedKFold(n_splits=10, random_state=None, shuffle=False), round=4, cross_validation=True, predict=True, fit_kwargs={}, groups=None, refit=False, verbose=False, system=False, metrics=None, experiment_custom_tags=None, add_to_model_list=True, probability_threshold=None, display=<pycaret.internal.Display.Display object at 0x7f4f37a0d790>, return_train_score=False, kwargs={})
2022-05-20 16:17:00,544:INFO:Checking exceptions
2022-05-20 16:17:00,544:INFO:Importing libraries
2022-05-20 16:17:00,544:INFO:Copying training dataset
2022-05-20 16:17:00,546:INFO:Defining folds
2022-05-20 16:17:00,546:INFO:Declaring metric variables
2022-05-20 16:17:00,585:INFO:Importing untrained model
2022-05-20 16:17:00,621:INFO:Logistic Regression Imported succesfully
2022-05-20 16:17:00,701:INFO:Starting cross validation
2022-05-20 16:17:00,702:INFO:Cross validating with StratifiedKFold(n_splits=10, random_state=None, shuffle=False), n_jobs=-1
2022-05-20 16:17:09,002:INFO:Calculating mean and std
2022-05-20 16:17:09,006:INFO:Creating metrics dataframe
2022-05-20 16:17:09,022:INFO:Uploading results into container
2022-05-20 16:17:09,022:INFO:Uploading model into container now
2022-05-20 16:17:09,022:INFO:create_model_container: 1
2022-05-20 16:17:09,022:INFO:master_model_container: 1
2022-05-20 16:17:09,022:INFO:display_container: 2
2022-05-20 16:17:09,023:INFO:LogisticRegression(C=1.0, class_weight=None, dual=False, fit_intercept=True,
                   intercept_scaling=1, l1_ratio=None, max_iter=1000,
                   multi_class='auto', n_jobs=None, penalty='l2',
                   random_state=6739, solver='lbfgs', tol=0.0001, verbose=0,
                   warm_start=False)
2022-05-20 16:17:09,023:INFO:create_model() succesfully completed......................................
2022-05-20 16:17:09,521:INFO:SubProcess create_model() end ==================================
2022-05-20 16:17:09,521:INFO:Creating metrics dataframe
2022-05-20 16:17:09,567:INFO:Initializing K Neighbors Classifier
2022-05-20 16:17:09,567:INFO:Total runtime is 0.1510557214419047 minutes
2022-05-20 16:17:09,623:INFO:SubProcess create_model() called ==================================
2022-05-20 16:17:09,624:INFO:Initializing create_model()
2022-05-20 16:17:09,624:INFO:create_model(estimator=knn, fold=StratifiedKFold(n_splits=10, random_state=None, shuffle=False), round=4, cross_validation=True, predict=True, fit_kwargs={}, groups=None, refit=False, verbose=False, system=False, metrics=None, experiment_custom_tags=None, add_to_model_list=True, probability_threshold=None, display=<pycaret.internal.Display.Display object at 0x7f4f37a0d790>, return_train_score=False, kwargs={})
2022-05-20 16:17:09,624:INFO:Checking exceptions
2022-05-20 16:17:09,624:INFO:Importing libraries
2022-05-20 16:17:09,624:INFO:Copying training dataset
2022-05-20 16:17:09,627:INFO:Defining folds
2022-05-20 16:17:09,628:INFO:Declaring metric variables
2022-05-20 16:17:09,669:INFO:Importing untrained model
2022-05-20 16:17:09,717:INFO:K Neighbors Classifier Imported succesfully
2022-05-20 16:17:09,800:INFO:Starting cross validation
2022-05-20 16:17:09,800:INFO:Cross validating with StratifiedKFold(n_splits=10, random_state=None, shuffle=False), n_jobs=-1
2022-05-20 16:17:11,439:INFO:Calculating mean and std
2022-05-20 16:17:11,448:INFO:Creating metrics dataframe
2022-05-20 16:17:11,477:INFO:Uploading results into container
2022-05-20 16:17:11,477:INFO:Uploading model into container now
2022-05-20 16:17:11,477:INFO:create_model_container: 2
2022-05-20 16:17:11,477:INFO:master_model_container: 2
2022-05-20 16:17:11,477:INFO:display_container: 2
2022-05-20 16:17:11,478:INFO:KNeighborsClassifier(algorithm='auto', leaf_size=30, metric='minkowski',
                     metric_params=None, n_jobs=-1, n_neighbors=5, p=2,
                     weights='uniform')
2022-05-20 16:17:11,478:INFO:create_model() succesfully completed......................................
2022-05-20 16:17:11,991:INFO:SubProcess create_model() end ==================================
2022-05-20 16:17:11,991:INFO:Creating metrics dataframe
2022-05-20 16:17:12,032:INFO:Initializing Naive Bayes
2022-05-20 16:17:12,032:INFO:Total runtime is 0.19215023517608643 minutes
2022-05-20 16:17:12,076:INFO:SubProcess create_model() called ==================================
2022-05-20 16:17:12,077:INFO:Initializing create_model()
2022-05-20 16:17:12,077:INFO:create_model(estimator=nb, fold=StratifiedKFold(n_splits=10, random_state=None, shuffle=False), round=4, cross_validation=True, predict=True, fit_kwargs={}, groups=None, refit=False, verbose=False, system=False, metrics=None, experiment_custom_tags=None, add_to_model_list=True, probability_threshold=None, display=<pycaret.internal.Display.Display object at 0x7f4f37a0d790>, return_train_score=False, kwargs={})
2022-05-20 16:17:12,077:INFO:Checking exceptions
2022-05-20 16:17:12,077:INFO:Importing libraries
2022-05-20 16:17:12,077:INFO:Copying training dataset
2022-05-20 16:17:12,079:INFO:Defining folds
2022-05-20 16:17:12,079:INFO:Declaring metric variables
2022-05-20 16:17:12,123:INFO:Importing untrained model
2022-05-20 16:17:12,165:INFO:Naive Bayes Imported succesfully
2022-05-20 16:17:12,247:INFO:Starting cross validation
2022-05-20 16:17:12,248:INFO:Cross validating with StratifiedKFold(n_splits=10, random_state=None, shuffle=False), n_jobs=-1
2022-05-20 16:17:12,578:INFO:Calculating mean and std
2022-05-20 16:17:12,585:INFO:Creating metrics dataframe
2022-05-20 16:17:12,614:INFO:Uploading results into container
2022-05-20 16:17:12,614:INFO:Uploading model into container now
2022-05-20 16:17:12,614:INFO:create_model_container: 3
2022-05-20 16:17:12,614:INFO:master_model_container: 3
2022-05-20 16:17:12,614:INFO:display_container: 2
2022-05-20 16:17:12,614:INFO:GaussianNB(priors=None, var_smoothing=1e-09)
2022-05-20 16:17:12,614:INFO:create_model() succesfully completed......................................
2022-05-20 16:17:13,020:INFO:SubProcess create_model() end ==================================
2022-05-20 16:17:13,021:INFO:Creating metrics dataframe
2022-05-20 16:17:13,051:INFO:Initializing Decision Tree Classifier
2022-05-20 16:17:13,051:INFO:Total runtime is 0.20913588603337607 minutes
2022-05-20 16:17:13,104:INFO:SubProcess create_model() called ==================================
2022-05-20 16:17:13,105:INFO:Initializing create_model()
2022-05-20 16:17:13,105:INFO:create_model(estimator=dt, fold=StratifiedKFold(n_splits=10, random_state=None, shuffle=False), round=4, cross_validation=True, predict=True, fit_kwargs={}, groups=None, refit=False, verbose=False, system=False, metrics=None, experiment_custom_tags=None, add_to_model_list=True, probability_threshold=None, display=<pycaret.internal.Display.Display object at 0x7f4f37a0d790>, return_train_score=False, kwargs={})
2022-05-20 16:17:13,105:INFO:Checking exceptions
2022-05-20 16:17:13,105:INFO:Importing libraries
2022-05-20 16:17:13,105:INFO:Copying training dataset
2022-05-20 16:17:13,107:INFO:Defining folds
2022-05-20 16:17:13,107:INFO:Declaring metric variables
2022-05-20 16:17:13,145:INFO:Importing untrained model
2022-05-20 16:17:13,187:INFO:Decision Tree Classifier Imported succesfully
2022-05-20 16:17:13,275:INFO:Starting cross validation
2022-05-20 16:17:13,276:INFO:Cross validating with StratifiedKFold(n_splits=10, random_state=None, shuffle=False), n_jobs=-1
2022-05-20 16:17:14,202:INFO:Calculating mean and std
2022-05-20 16:17:14,204:INFO:Creating metrics dataframe
2022-05-20 16:17:14,217:INFO:Uploading results into container
2022-05-20 16:17:14,217:INFO:Uploading model into container now
2022-05-20 16:17:14,217:INFO:create_model_container: 4
2022-05-20 16:17:14,217:INFO:master_model_container: 4
2022-05-20 16:17:14,217:INFO:display_container: 2
2022-05-20 16:17:14,218:INFO:DecisionTreeClassifier(ccp_alpha=0.0, class_weight=None, criterion='gini',
                       max_depth=None, max_features=None, max_leaf_nodes=None,
                       min_impurity_decrease=0.0, min_impurity_split=None,
                       min_samples_leaf=1, min_samples_split=2,
                       min_weight_fraction_leaf=0.0, presort='deprecated',
                       random_state=6739, splitter='best')
2022-05-20 16:17:14,218:INFO:create_model() succesfully completed......................................
2022-05-20 16:17:14,616:INFO:SubProcess create_model() end ==================================
2022-05-20 16:17:14,617:INFO:Creating metrics dataframe
2022-05-20 16:17:14,658:INFO:Initializing SVM - Linear Kernel
2022-05-20 16:17:14,658:INFO:Total runtime is 0.23591745297114056 minutes
2022-05-20 16:17:14,720:INFO:SubProcess create_model() called ==================================
2022-05-20 16:17:14,721:INFO:Initializing create_model()
2022-05-20 16:17:14,721:INFO:create_model(estimator=svm, fold=StratifiedKFold(n_splits=10, random_state=None, shuffle=False), round=4, cross_validation=True, predict=True, fit_kwargs={}, groups=None, refit=False, verbose=False, system=False, metrics=None, experiment_custom_tags=None, add_to_model_list=True, probability_threshold=None, display=<pycaret.internal.Display.Display object at 0x7f4f37a0d790>, return_train_score=False, kwargs={})
2022-05-20 16:17:14,721:INFO:Checking exceptions
2022-05-20 16:17:14,721:INFO:Importing libraries
2022-05-20 16:17:14,721:INFO:Copying training dataset
2022-05-20 16:17:14,723:INFO:Defining folds
2022-05-20 16:17:14,723:INFO:Declaring metric variables
2022-05-20 16:17:14,780:INFO:Importing untrained model
2022-05-20 16:17:14,824:INFO:SVM - Linear Kernel Imported succesfully
2022-05-20 16:17:14,912:INFO:Starting cross validation
2022-05-20 16:17:14,913:INFO:Cross validating with StratifiedKFold(n_splits=10, random_state=None, shuffle=False), n_jobs=-1
2022-05-20 16:17:18,807:INFO:Calculating mean and std
2022-05-20 16:17:18,811:INFO:Creating metrics dataframe
2022-05-20 16:17:18,826:INFO:Uploading results into container
2022-05-20 16:17:18,826:INFO:Uploading model into container now
2022-05-20 16:17:18,826:INFO:create_model_container: 5
2022-05-20 16:17:18,826:INFO:master_model_container: 5
2022-05-20 16:17:18,826:INFO:display_container: 2
2022-05-20 16:17:18,827:INFO:SGDClassifier(alpha=0.0001, average=False, class_weight=None,
              early_stopping=False, epsilon=0.1, eta0=0.001, fit_intercept=True,
              l1_ratio=0.15, learning_rate='optimal', loss='hinge',
              max_iter=1000, n_iter_no_change=5, n_jobs=-1, penalty='l2',
              power_t=0.5, random_state=6739, shuffle=True, tol=0.001,
              validation_fraction=0.1, verbose=0, warm_start=False)
2022-05-20 16:17:18,828:INFO:create_model() succesfully completed......................................
2022-05-20 16:17:19,291:INFO:SubProcess create_model() end ==================================
2022-05-20 16:17:19,292:INFO:Creating metrics dataframe
2022-05-20 16:17:19,325:INFO:Initializing Ridge Classifier
2022-05-20 16:17:19,325:INFO:Total runtime is 0.31369531551996865 minutes
2022-05-20 16:17:19,373:INFO:SubProcess create_model() called ==================================
2022-05-20 16:17:19,374:INFO:Initializing create_model()
2022-05-20 16:17:19,375:INFO:create_model(estimator=ridge, fold=StratifiedKFold(n_splits=10, random_state=None, shuffle=False), round=4, cross_validation=True, predict=True, fit_kwargs={}, groups=None, refit=False, verbose=False, system=False, metrics=None, experiment_custom_tags=None, add_to_model_list=True, probability_threshold=None, display=<pycaret.internal.Display.Display object at 0x7f4f37a0d790>, return_train_score=False, kwargs={})
2022-05-20 16:17:19,375:INFO:Checking exceptions
2022-05-20 16:17:19,375:INFO:Importing libraries
2022-05-20 16:17:19,375:INFO:Copying training dataset
2022-05-20 16:17:19,378:INFO:Defining folds
2022-05-20 16:17:19,379:INFO:Declaring metric variables
2022-05-20 16:17:19,429:INFO:Importing untrained model
2022-05-20 16:17:19,471:INFO:Ridge Classifier Imported succesfully
2022-05-20 16:17:19,559:INFO:Starting cross validation
2022-05-20 16:17:19,561:INFO:Cross validating with StratifiedKFold(n_splits=10, random_state=None, shuffle=False), n_jobs=-1
2022-05-20 16:17:19,881:INFO:Calculating mean and std
2022-05-20 16:17:19,883:INFO:Creating metrics dataframe
2022-05-20 16:17:19,895:INFO:Uploading results into container
2022-05-20 16:17:19,895:INFO:Uploading model into container now
2022-05-20 16:17:19,895:INFO:create_model_container: 6
2022-05-20 16:17:19,896:INFO:master_model_container: 6
2022-05-20 16:17:19,896:INFO:display_container: 2
2022-05-20 16:17:19,896:INFO:RidgeClassifier(alpha=1.0, class_weight=None, copy_X=True, fit_intercept=True,
                max_iter=None, normalize=False, random_state=6739,
                solver='auto', tol=0.001)
2022-05-20 16:17:19,896:INFO:create_model() succesfully completed......................................
2022-05-20 16:17:20,319:INFO:SubProcess create_model() end ==================================
2022-05-20 16:17:20,319:INFO:Creating metrics dataframe
2022-05-20 16:17:20,353:INFO:Initializing Random Forest Classifier
2022-05-20 16:17:20,353:INFO:Total runtime is 0.33082941770553587 minutes
2022-05-20 16:17:20,396:INFO:SubProcess create_model() called ==================================
2022-05-20 16:17:20,396:INFO:Initializing create_model()
2022-05-20 16:17:20,396:INFO:create_model(estimator=rf, fold=StratifiedKFold(n_splits=10, random_state=None, shuffle=False), round=4, cross_validation=True, predict=True, fit_kwargs={}, groups=None, refit=False, verbose=False, system=False, metrics=None, experiment_custom_tags=None, add_to_model_list=True, probability_threshold=None, display=<pycaret.internal.Display.Display object at 0x7f4f37a0d790>, return_train_score=False, kwargs={})
2022-05-20 16:17:20,397:INFO:Checking exceptions
2022-05-20 16:17:20,397:INFO:Importing libraries
2022-05-20 16:17:20,397:INFO:Copying training dataset
2022-05-20 16:17:20,399:INFO:Defining folds
2022-05-20 16:17:20,399:INFO:Declaring metric variables
2022-05-20 16:17:20,439:INFO:Importing untrained model
2022-05-20 16:17:20,479:INFO:Random Forest Classifier Imported succesfully
2022-05-20 16:17:20,564:INFO:Starting cross validation
2022-05-20 16:17:20,565:INFO:Cross validating with StratifiedKFold(n_splits=10, random_state=None, shuffle=False), n_jobs=-1
2022-05-20 16:17:34,233:INFO:Calculating mean and std
2022-05-20 16:17:34,239:INFO:Creating metrics dataframe
2022-05-20 16:17:34,259:INFO:Uploading results into container
2022-05-20 16:17:34,259:INFO:Uploading model into container now
2022-05-20 16:17:34,259:INFO:create_model_container: 7
2022-05-20 16:17:34,259:INFO:master_model_container: 7
2022-05-20 16:17:34,259:INFO:display_container: 2
2022-05-20 16:17:34,260:INFO:RandomForestClassifier(bootstrap=True, ccp_alpha=0.0, class_weight=None,
                       criterion='gini', max_depth=None, max_features='auto',
                       max_leaf_nodes=None, max_samples=None,
                       min_impurity_decrease=0.0, min_impurity_split=None,
                       min_samples_leaf=1, min_samples_split=2,
                       min_weight_fraction_leaf=0.0, n_estimators=100,
                       n_jobs=-1, oob_score=False, random_state=6739, verbose=0,
                       warm_start=False)
2022-05-20 16:17:34,261:INFO:create_model() succesfully completed......................................
2022-05-20 16:17:34,665:INFO:SubProcess create_model() end ==================================
2022-05-20 16:17:34,666:INFO:Creating metrics dataframe
2022-05-20 16:17:34,700:INFO:Initializing Quadratic Discriminant Analysis
2022-05-20 16:17:34,700:INFO:Total runtime is 0.5699417948722839 minutes
2022-05-20 16:17:34,744:INFO:SubProcess create_model() called ==================================
2022-05-20 16:17:34,744:INFO:Initializing create_model()
2022-05-20 16:17:34,744:INFO:create_model(estimator=qda, fold=StratifiedKFold(n_splits=10, random_state=None, shuffle=False), round=4, cross_validation=True, predict=True, fit_kwargs={}, groups=None, refit=False, verbose=False, system=False, metrics=None, experiment_custom_tags=None, add_to_model_list=True, probability_threshold=None, display=<pycaret.internal.Display.Display object at 0x7f4f37a0d790>, return_train_score=False, kwargs={})
2022-05-20 16:17:34,745:INFO:Checking exceptions
2022-05-20 16:17:34,745:INFO:Importing libraries
2022-05-20 16:17:34,745:INFO:Copying training dataset
2022-05-20 16:17:34,746:INFO:Defining folds
2022-05-20 16:17:34,746:INFO:Declaring metric variables
2022-05-20 16:17:34,793:INFO:Importing untrained model
2022-05-20 16:17:34,844:INFO:Quadratic Discriminant Analysis Imported succesfully
2022-05-20 16:17:34,930:INFO:Starting cross validation
2022-05-20 16:17:34,932:INFO:Cross validating with StratifiedKFold(n_splits=10, random_state=None, shuffle=False), n_jobs=-1
2022-05-20 16:17:35,224:INFO:Calculating mean and std
2022-05-20 16:17:35,233:INFO:Creating metrics dataframe
2022-05-20 16:17:35,254:INFO:Uploading results into container
2022-05-20 16:17:35,260:INFO:Uploading model into container now
2022-05-20 16:17:35,260:INFO:create_model_container: 8
2022-05-20 16:17:35,260:INFO:master_model_container: 8
2022-05-20 16:17:35,260:INFO:display_container: 2
2022-05-20 16:17:35,260:INFO:QuadraticDiscriminantAnalysis(priors=None, reg_param=0.0,
                              store_covariance=False, tol=0.0001)
2022-05-20 16:17:35,261:INFO:create_model() succesfully completed......................................
2022-05-20 16:17:35,628:INFO:SubProcess create_model() end ==================================
2022-05-20 16:17:35,629:INFO:Creating metrics dataframe
2022-05-20 16:17:35,679:INFO:Initializing Ada Boost Classifier
2022-05-20 16:17:35,679:INFO:Total runtime is 0.5862677216529846 minutes
2022-05-20 16:17:35,729:INFO:SubProcess create_model() called ==================================
2022-05-20 16:17:35,730:INFO:Initializing create_model()
2022-05-20 16:17:35,730:INFO:create_model(estimator=ada, fold=StratifiedKFold(n_splits=10, random_state=None, shuffle=False), round=4, cross_validation=True, predict=True, fit_kwargs={}, groups=None, refit=False, verbose=False, system=False, metrics=None, experiment_custom_tags=None, add_to_model_list=True, probability_threshold=None, display=<pycaret.internal.Display.Display object at 0x7f4f37a0d790>, return_train_score=False, kwargs={})
2022-05-20 16:17:35,730:INFO:Checking exceptions
2022-05-20 16:17:35,730:INFO:Importing libraries
2022-05-20 16:17:35,730:INFO:Copying training dataset
2022-05-20 16:17:35,732:INFO:Defining folds
2022-05-20 16:17:35,732:INFO:Declaring metric variables
2022-05-20 16:17:35,770:INFO:Importing untrained model
2022-05-20 16:17:35,805:INFO:Ada Boost Classifier Imported succesfully
2022-05-20 16:17:35,895:INFO:Starting cross validation
2022-05-20 16:17:35,896:INFO:Cross validating with StratifiedKFold(n_splits=10, random_state=None, shuffle=False), n_jobs=-1
2022-05-20 16:17:41,043:INFO:Calculating mean and std
2022-05-20 16:17:41,045:INFO:Creating metrics dataframe
2022-05-20 16:17:41,071:INFO:Uploading results into container
2022-05-20 16:17:41,071:INFO:Uploading model into container now
2022-05-20 16:17:41,071:INFO:create_model_container: 9
2022-05-20 16:17:41,072:INFO:master_model_container: 9
2022-05-20 16:17:41,072:INFO:display_container: 2
2022-05-20 16:17:41,072:INFO:AdaBoostClassifier(algorithm='SAMME.R', base_estimator=None, learning_rate=1.0,
                   n_estimators=50, random_state=6739)
2022-05-20 16:17:41,072:INFO:create_model() succesfully completed......................................
2022-05-20 16:17:41,517:INFO:SubProcess create_model() end ==================================
2022-05-20 16:17:41,517:INFO:Creating metrics dataframe
2022-05-20 16:17:41,558:INFO:Initializing Gradient Boosting Classifier
2022-05-20 16:17:41,558:INFO:Total runtime is 0.6842414061228433 minutes
2022-05-20 16:17:41,596:INFO:SubProcess create_model() called ==================================
2022-05-20 16:17:41,597:INFO:Initializing create_model()
2022-05-20 16:17:41,597:INFO:create_model(estimator=gbc, fold=StratifiedKFold(n_splits=10, random_state=None, shuffle=False), round=4, cross_validation=True, predict=True, fit_kwargs={}, groups=None, refit=False, verbose=False, system=False, metrics=None, experiment_custom_tags=None, add_to_model_list=True, probability_threshold=None, display=<pycaret.internal.Display.Display object at 0x7f4f37a0d790>, return_train_score=False, kwargs={})
2022-05-20 16:17:41,597:INFO:Checking exceptions
2022-05-20 16:17:41,597:INFO:Importing libraries
2022-05-20 16:17:41,597:INFO:Copying training dataset
2022-05-20 16:17:41,598:INFO:Defining folds
2022-05-20 16:17:41,598:INFO:Declaring metric variables
2022-05-20 16:17:41,636:INFO:Importing untrained model
2022-05-20 16:17:41,686:INFO:Gradient Boosting Classifier Imported succesfully
2022-05-20 16:17:41,765:INFO:Starting cross validation
2022-05-20 16:17:41,766:INFO:Cross validating with StratifiedKFold(n_splits=10, random_state=None, shuffle=False), n_jobs=-1
2022-05-20 16:19:28,052:INFO:Calculating mean and std
2022-05-20 16:19:28,065:INFO:Creating metrics dataframe
2022-05-20 16:19:28,091:INFO:Uploading results into container
2022-05-20 16:19:28,092:INFO:Uploading model into container now
2022-05-20 16:19:28,096:INFO:create_model_container: 10
2022-05-20 16:19:28,096:INFO:master_model_container: 10
2022-05-20 16:19:28,097:INFO:display_container: 2
2022-05-20 16:19:28,098:INFO:GradientBoostingClassifier(ccp_alpha=0.0, criterion='friedman_mse', init=None,
                           learning_rate=0.1, loss='deviance', max_depth=3,
                           max_features=None, max_leaf_nodes=None,
                           min_impurity_decrease=0.0, min_impurity_split=None,
                           min_samples_leaf=1, min_samples_split=2,
                           min_weight_fraction_leaf=0.0, n_estimators=100,
                           n_iter_no_change=None, presort='deprecated',
                           random_state=6739, subsample=1.0, tol=0.0001,
                           validation_fraction=0.1, verbose=0,
                           warm_start=False)
2022-05-20 16:19:28,098:INFO:create_model() succesfully completed......................................
2022-05-20 16:19:28,494:INFO:SubProcess create_model() end ==================================
2022-05-20 16:19:28,494:INFO:Creating metrics dataframe
2022-05-20 16:19:28,545:INFO:Initializing Linear Discriminant Analysis
2022-05-20 16:19:28,545:INFO:Total runtime is 2.4673650304476418 minutes
2022-05-20 16:19:28,585:INFO:SubProcess create_model() called ==================================
2022-05-20 16:19:28,586:INFO:Initializing create_model()
2022-05-20 16:19:28,586:INFO:create_model(estimator=lda, fold=StratifiedKFold(n_splits=10, random_state=None, shuffle=False), round=4, cross_validation=True, predict=True, fit_kwargs={}, groups=None, refit=False, verbose=False, system=False, metrics=None, experiment_custom_tags=None, add_to_model_list=True, probability_threshold=None, display=<pycaret.internal.Display.Display object at 0x7f4f37a0d790>, return_train_score=False, kwargs={})
2022-05-20 16:19:28,586:INFO:Checking exceptions
2022-05-20 16:19:28,586:INFO:Importing libraries
2022-05-20 16:19:28,587:INFO:Copying training dataset
2022-05-20 16:19:28,588:INFO:Defining folds
2022-05-20 16:19:28,588:INFO:Declaring metric variables
2022-05-20 16:19:28,635:INFO:Importing untrained model
2022-05-20 16:19:28,671:INFO:Linear Discriminant Analysis Imported succesfully
2022-05-20 16:19:28,744:INFO:Starting cross validation
2022-05-20 16:19:28,745:INFO:Cross validating with StratifiedKFold(n_splits=10, random_state=None, shuffle=False), n_jobs=-1
2022-05-20 16:19:29,158:INFO:Calculating mean and std
2022-05-20 16:19:29,163:INFO:Creating metrics dataframe
2022-05-20 16:19:29,177:INFO:Uploading results into container
2022-05-20 16:19:29,177:INFO:Uploading model into container now
2022-05-20 16:19:29,177:INFO:create_model_container: 11
2022-05-20 16:19:29,177:INFO:master_model_container: 11
2022-05-20 16:19:29,177:INFO:display_container: 2
2022-05-20 16:19:29,178:INFO:LinearDiscriminantAnalysis(n_components=None, priors=None, shrinkage=None,
                           solver='svd', store_covariance=False, tol=0.0001)
2022-05-20 16:19:29,178:INFO:create_model() succesfully completed......................................
2022-05-20 16:19:29,604:INFO:SubProcess create_model() end ==================================
2022-05-20 16:19:29,604:INFO:Creating metrics dataframe
2022-05-20 16:19:29,641:INFO:Initializing Extra Trees Classifier
2022-05-20 16:19:29,641:INFO:Total runtime is 2.4856252431869503 minutes
2022-05-20 16:19:29,690:INFO:SubProcess create_model() called ==================================
2022-05-20 16:19:29,691:INFO:Initializing create_model()
2022-05-20 16:19:29,691:INFO:create_model(estimator=et, fold=StratifiedKFold(n_splits=10, random_state=None, shuffle=False), round=4, cross_validation=True, predict=True, fit_kwargs={}, groups=None, refit=False, verbose=False, system=False, metrics=None, experiment_custom_tags=None, add_to_model_list=True, probability_threshold=None, display=<pycaret.internal.Display.Display object at 0x7f4f37a0d790>, return_train_score=False, kwargs={})
2022-05-20 16:19:29,691:INFO:Checking exceptions
2022-05-20 16:19:29,691:INFO:Importing libraries
2022-05-20 16:19:29,691:INFO:Copying training dataset
2022-05-20 16:19:29,697:INFO:Defining folds
2022-05-20 16:19:29,697:INFO:Declaring metric variables
2022-05-20 16:19:29,768:INFO:Importing untrained model
2022-05-20 16:19:29,816:INFO:Extra Trees Classifier Imported succesfully
2022-05-20 16:19:29,895:INFO:Starting cross validation
2022-05-20 16:19:29,896:INFO:Cross validating with StratifiedKFold(n_splits=10, random_state=None, shuffle=False), n_jobs=-1
2022-05-20 16:19:39,431:INFO:Calculating mean and std
2022-05-20 16:19:39,437:INFO:Creating metrics dataframe
2022-05-20 16:19:39,462:INFO:Uploading results into container
2022-05-20 16:19:39,462:INFO:Uploading model into container now
2022-05-20 16:19:39,462:INFO:create_model_container: 12
2022-05-20 16:19:39,462:INFO:master_model_container: 12
2022-05-20 16:19:39,462:INFO:display_container: 2
2022-05-20 16:19:39,463:INFO:ExtraTreesClassifier(bootstrap=False, ccp_alpha=0.0, class_weight=None,
                     criterion='gini', max_depth=None, max_features='auto',
                     max_leaf_nodes=None, max_samples=None,
                     min_impurity_decrease=0.0, min_impurity_split=None,
                     min_samples_leaf=1, min_samples_split=2,
                     min_weight_fraction_leaf=0.0, n_estimators=100, n_jobs=-1,
                     oob_score=False, random_state=6739, verbose=0,
                     warm_start=False)
2022-05-20 16:19:39,464:INFO:create_model() succesfully completed......................................
2022-05-20 16:19:39,869:INFO:SubProcess create_model() end ==================================
2022-05-20 16:19:39,869:INFO:Creating metrics dataframe
2022-05-20 16:19:39,909:INFO:Initializing Light Gradient Boosting Machine
2022-05-20 16:19:39,909:INFO:Total runtime is 2.6567606210708616 minutes
2022-05-20 16:19:39,948:INFO:SubProcess create_model() called ==================================
2022-05-20 16:19:39,948:INFO:Initializing create_model()
2022-05-20 16:19:39,948:INFO:create_model(estimator=lightgbm, fold=StratifiedKFold(n_splits=10, random_state=None, shuffle=False), round=4, cross_validation=True, predict=True, fit_kwargs={}, groups=None, refit=False, verbose=False, system=False, metrics=None, experiment_custom_tags=None, add_to_model_list=True, probability_threshold=None, display=<pycaret.internal.Display.Display object at 0x7f4f37a0d790>, return_train_score=False, kwargs={})
2022-05-20 16:19:39,948:INFO:Checking exceptions
2022-05-20 16:19:39,949:INFO:Importing libraries
2022-05-20 16:19:39,949:INFO:Copying training dataset
2022-05-20 16:19:39,950:INFO:Defining folds
2022-05-20 16:19:39,950:INFO:Declaring metric variables
2022-05-20 16:19:39,991:INFO:Importing untrained model
2022-05-20 16:19:40,027:INFO:Light Gradient Boosting Machine Imported succesfully
2022-05-20 16:19:40,105:INFO:Starting cross validation
2022-05-20 16:19:40,106:INFO:Cross validating with StratifiedKFold(n_splits=10, random_state=None, shuffle=False), n_jobs=-1
2022-05-20 16:19:54,284:INFO:Calculating mean and std
2022-05-20 16:19:54,298:INFO:Creating metrics dataframe
2022-05-20 16:19:54,317:INFO:Uploading results into container
2022-05-20 16:19:54,317:INFO:Uploading model into container now
2022-05-20 16:19:54,317:INFO:create_model_container: 13
2022-05-20 16:19:54,317:INFO:master_model_container: 13
2022-05-20 16:19:54,317:INFO:display_container: 2
2022-05-20 16:19:54,318:INFO:LGBMClassifier(boosting_type='gbdt', class_weight=None, colsample_bytree=1.0,
               importance_type='split', learning_rate=0.1, max_depth=-1,
               min_child_samples=20, min_child_weight=0.001, min_split_gain=0.0,
               n_estimators=100, n_jobs=-1, num_leaves=31, objective=None,
               random_state=6739, reg_alpha=0.0, reg_lambda=0.0, silent='warn',
               subsample=1.0, subsample_for_bin=200000, subsample_freq=0)
2022-05-20 16:19:54,319:INFO:create_model() succesfully completed......................................
2022-05-20 16:19:54,716:INFO:SubProcess create_model() end ==================================
2022-05-20 16:19:54,716:INFO:Creating metrics dataframe
2022-05-20 16:19:54,755:INFO:Initializing Dummy Classifier
2022-05-20 16:19:54,755:INFO:Total runtime is 2.904195729891459 minutes
2022-05-20 16:19:54,799:INFO:SubProcess create_model() called ==================================
2022-05-20 16:19:54,799:INFO:Initializing create_model()
2022-05-20 16:19:54,799:INFO:create_model(estimator=dummy, fold=StratifiedKFold(n_splits=10, random_state=None, shuffle=False), round=4, cross_validation=True, predict=True, fit_kwargs={}, groups=None, refit=False, verbose=False, system=False, metrics=None, experiment_custom_tags=None, add_to_model_list=True, probability_threshold=None, display=<pycaret.internal.Display.Display object at 0x7f4f37a0d790>, return_train_score=False, kwargs={})
2022-05-20 16:19:54,800:INFO:Checking exceptions
2022-05-20 16:19:54,800:INFO:Importing libraries
2022-05-20 16:19:54,800:INFO:Copying training dataset
2022-05-20 16:19:54,801:INFO:Defining folds
2022-05-20 16:19:54,801:INFO:Declaring metric variables
2022-05-20 16:19:54,841:INFO:Importing untrained model
2022-05-20 16:19:54,896:INFO:Dummy Classifier Imported succesfully
2022-05-20 16:19:54,976:INFO:Starting cross validation
2022-05-20 16:19:54,978:INFO:Cross validating with StratifiedKFold(n_splits=10, random_state=None, shuffle=False), n_jobs=-1
2022-05-20 16:19:55,192:INFO:Calculating mean and std
2022-05-20 16:19:55,193:INFO:Creating metrics dataframe
2022-05-20 16:19:55,203:INFO:Uploading results into container
2022-05-20 16:19:55,203:INFO:Uploading model into container now
2022-05-20 16:19:55,203:INFO:create_model_container: 14
2022-05-20 16:19:55,203:INFO:master_model_container: 14
2022-05-20 16:19:55,203:INFO:display_container: 2
2022-05-20 16:19:55,204:INFO:DummyClassifier(constant=None, random_state=6739, strategy='prior')
2022-05-20 16:19:55,204:INFO:create_model() succesfully completed......................................
2022-05-20 16:19:55,577:INFO:SubProcess create_model() end ==================================
2022-05-20 16:19:55,577:INFO:Creating metrics dataframe
2022-05-20 16:19:55,738:INFO:Initializing create_model()
2022-05-20 16:19:55,738:INFO:create_model(estimator=LGBMClassifier(boosting_type='gbdt', class_weight=None, colsample_bytree=1.0,
               importance_type='split', learning_rate=0.1, max_depth=-1,
               min_child_samples=20, min_child_weight=0.001, min_split_gain=0.0,
               n_estimators=100, n_jobs=-1, num_leaves=31, objective=None,
               random_state=6739, reg_alpha=0.0, reg_lambda=0.0, silent='warn',
               subsample=1.0, subsample_for_bin=200000, subsample_freq=0), fold=StratifiedKFold(n_splits=10, random_state=None, shuffle=False), round=4, cross_validation=False, predict=False, fit_kwargs={}, groups=None, refit=True, verbose=False, system=False, metrics=None, experiment_custom_tags=None, add_to_model_list=True, probability_threshold=None, display=None, return_train_score=False, kwargs={})
2022-05-20 16:19:55,739:INFO:Checking exceptions
2022-05-20 16:19:55,739:INFO:Importing libraries
2022-05-20 16:19:55,739:INFO:Copying training dataset
2022-05-20 16:19:55,742:INFO:Defining folds
2022-05-20 16:19:55,742:INFO:Declaring metric variables
2022-05-20 16:19:55,742:INFO:Importing untrained model
2022-05-20 16:19:55,742:INFO:Declaring custom model
2022-05-20 16:19:55,744:INFO:Light Gradient Boosting Machine Imported succesfully
2022-05-20 16:19:55,745:INFO:Cross validation set to False
2022-05-20 16:19:55,745:INFO:Fitting Model
2022-05-20 16:19:57,652:INFO:LGBMClassifier(boosting_type='gbdt', class_weight=None, colsample_bytree=1.0,
               importance_type='split', learning_rate=0.1, max_depth=-1,
               min_child_samples=20, min_child_weight=0.001, min_split_gain=0.0,
               n_estimators=100, n_jobs=-1, num_leaves=31, objective=None,
               random_state=6739, reg_alpha=0.0, reg_lambda=0.0, silent='warn',
               subsample=1.0, subsample_for_bin=200000, subsample_freq=0)
2022-05-20 16:19:57,652:INFO:create_models() succesfully completed......................................
2022-05-20 16:19:58,129:INFO:create_model_container: 14
2022-05-20 16:19:58,129:INFO:master_model_container: 14
2022-05-20 16:19:58,129:INFO:display_container: 2
2022-05-20 16:19:58,130:INFO:LGBMClassifier(boosting_type='gbdt', class_weight=None, colsample_bytree=1.0,
               importance_type='split', learning_rate=0.1, max_depth=-1,
               min_child_samples=20, min_child_weight=0.001, min_split_gain=0.0,
               n_estimators=100, n_jobs=-1, num_leaves=31, objective=None,
               random_state=6739, reg_alpha=0.0, reg_lambda=0.0, silent='warn',
               subsample=1.0, subsample_for_bin=200000, subsample_freq=0)
2022-05-20 16:19:58,130:INFO:compare_models() succesfully completed......................................
2022-05-20 16:23:16,546:INFO:Initializing create_model()
2022-05-20 16:23:16,546:INFO:create_model(estimator=lightgbm, fold=None, round=4, cross_validation=True, predict=True, fit_kwargs=None, groups=None, refit=True, verbose=True, system=True, metrics=None, experiment_custom_tags=None, add_to_model_list=True, probability_threshold=None, display=None, return_train_score=False, kwargs={})
2022-05-20 16:23:16,546:INFO:Checking exceptions
2022-05-20 16:23:16,547:INFO:Preparing display monitor
2022-05-20 16:23:16,690:INFO:Importing libraries
2022-05-20 16:23:16,690:INFO:Copying training dataset
2022-05-20 16:23:16,692:INFO:Defining folds
2022-05-20 16:23:16,692:INFO:Declaring metric variables
2022-05-20 16:23:16,744:INFO:Importing untrained model
2022-05-20 16:23:16,787:INFO:Light Gradient Boosting Machine Imported succesfully
2022-05-20 16:23:16,876:INFO:Starting cross validation
2022-05-20 16:23:16,877:INFO:Cross validating with StratifiedKFold(n_splits=10, random_state=None, shuffle=False), n_jobs=-1
2022-05-20 16:23:30,878:INFO:Calculating mean and std
2022-05-20 16:23:30,892:INFO:Creating metrics dataframe
2022-05-20 16:23:31,027:INFO:Finalizing model
2022-05-20 16:23:32,865:INFO:Uploading results into container
2022-05-20 16:23:32,865:INFO:Uploading model into container now
2022-05-20 16:23:32,907:INFO:create_model_container: 15
2022-05-20 16:23:32,907:INFO:master_model_container: 15
2022-05-20 16:23:32,907:INFO:display_container: 3
2022-05-20 16:23:32,908:INFO:LGBMClassifier(boosting_type='gbdt', class_weight=None, colsample_bytree=1.0,
               importance_type='split', learning_rate=0.1, max_depth=-1,
               min_child_samples=20, min_child_weight=0.001, min_split_gain=0.0,
               n_estimators=100, n_jobs=-1, num_leaves=31, objective=None,
               random_state=6739, reg_alpha=0.0, reg_lambda=0.0, silent='warn',
               subsample=1.0, subsample_for_bin=200000, subsample_freq=0)
2022-05-20 16:23:32,908:INFO:create_model() succesfully completed......................................
2022-05-20 16:26:26,779:INFO:Initializing tune_model()
2022-05-20 16:26:26,780:INFO:tune_model(estimator=lgbm, fold=None, round=4, n_iter=10, custom_grid=None, optimize=Accuracy, custom_scorer=None, search_library=scikit-learn, search_algorithm=None, early_stopping=False, early_stopping_max_iters=10, choose_better=False, fit_kwargs=None, groups=None, return_tuner=False, verbose=True, tuner_verbose=True, display=None, return_train_score=False, kwargs={})
2022-05-20 16:26:26,780:INFO:Checking exceptions
2022-05-20 16:26:34,852:INFO:Initializing tune_model()
2022-05-20 16:26:34,853:INFO:tune_model(estimator=LGBMClassifier(boosting_type='gbdt', class_weight=None, colsample_bytree=1.0,
               importance_type='split', learning_rate=0.1, max_depth=-1,
               min_child_samples=20, min_child_weight=0.001, min_split_gain=0.0,
               n_estimators=100, n_jobs=-1, num_leaves=31, objective=None,
               random_state=6739, reg_alpha=0.0, reg_lambda=0.0, silent='warn',
               subsample=1.0, subsample_for_bin=200000, subsample_freq=0), fold=None, round=4, n_iter=10, custom_grid=None, optimize=Accuracy, custom_scorer=None, search_library=scikit-learn, search_algorithm=None, early_stopping=False, early_stopping_max_iters=10, choose_better=False, fit_kwargs=None, groups=None, return_tuner=False, verbose=True, tuner_verbose=True, display=None, return_train_score=False, kwargs={})
2022-05-20 16:26:34,856:INFO:Checking exceptions
2022-05-20 16:26:34,858:INFO:Preparing display monitor
2022-05-20 16:26:34,930:INFO:Copying training dataset
2022-05-20 16:26:34,932:INFO:Checking base model
2022-05-20 16:26:34,933:INFO:Base model : Light Gradient Boosting Machine
2022-05-20 16:26:34,981:INFO:Declaring metric variables
2022-05-20 16:26:35,021:INFO:Defining Hyperparameters
2022-05-20 16:26:35,434:INFO:Tuning with n_jobs=-1
2022-05-20 16:26:35,435:INFO:Initializing RandomizedSearchCV
2022-05-20 16:28:22,186:INFO:best_params: {'actual_estimator__reg_lambda': 4, 'actual_estimator__reg_alpha': 0.001, 'actual_estimator__num_leaves': 6, 'actual_estimator__n_estimators': 250, 'actual_estimator__min_split_gain': 0.4, 'actual_estimator__min_child_samples': 61, 'actual_estimator__learning_rate': 0.3, 'actual_estimator__feature_fraction': 0.6, 'actual_estimator__bagging_freq': 5, 'actual_estimator__bagging_fraction': 1.0}
2022-05-20 16:28:22,198:INFO:Hyperparameter search completed
2022-05-20 16:28:22,199:INFO:SubProcess create_model() called ==================================
2022-05-20 16:28:22,203:INFO:Initializing create_model()
2022-05-20 16:28:22,203:INFO:create_model(estimator=LGBMClassifier(boosting_type='gbdt', class_weight=None, colsample_bytree=1.0,
               importance_type='split', learning_rate=0.1, max_depth=-1,
               min_child_samples=20, min_child_weight=0.001, min_split_gain=0.0,
               n_estimators=100, n_jobs=-1, num_leaves=31, objective=None,
               random_state=6739, reg_alpha=0.0, reg_lambda=0.0, silent='warn',
               subsample=1.0, subsample_for_bin=200000, subsample_freq=0), fold=StratifiedKFold(n_splits=10, random_state=None, shuffle=False), round=4, cross_validation=True, predict=True, fit_kwargs={}, groups=None, refit=True, verbose=True, system=False, metrics=None, experiment_custom_tags=None, add_to_model_list=True, probability_threshold=None, display=<pycaret.internal.Display.Display object at 0x7f4f37aa4d50>, return_train_score=False, kwargs={'reg_lambda': 4, 'reg_alpha': 0.001, 'num_leaves': 6, 'n_estimators': 250, 'min_split_gain': 0.4, 'min_child_samples': 61, 'learning_rate': 0.3, 'feature_fraction': 0.6, 'bagging_freq': 5, 'bagging_fraction': 1.0})
2022-05-20 16:28:22,203:INFO:Checking exceptions
2022-05-20 16:28:22,203:INFO:Importing libraries
2022-05-20 16:28:22,203:INFO:Copying training dataset
2022-05-20 16:28:22,205:INFO:Defining folds
2022-05-20 16:28:22,205:INFO:Declaring metric variables
2022-05-20 16:28:22,275:INFO:Importing untrained model
2022-05-20 16:28:22,275:INFO:Declaring custom model
2022-05-20 16:28:22,315:INFO:Light Gradient Boosting Machine Imported succesfully
2022-05-20 16:28:22,394:INFO:Starting cross validation
2022-05-20 16:28:22,395:INFO:Cross validating with StratifiedKFold(n_splits=10, random_state=None, shuffle=False), n_jobs=-1
2022-05-20 16:28:29,134:INFO:Calculating mean and std
2022-05-20 16:28:29,136:INFO:Creating metrics dataframe
2022-05-20 16:28:29,201:INFO:Finalizing model
2022-05-20 16:28:29,975:INFO:Uploading results into container
2022-05-20 16:28:29,975:INFO:Uploading model into container now
2022-05-20 16:28:29,975:INFO:create_model_container: 16
2022-05-20 16:28:29,975:INFO:master_model_container: 16
2022-05-20 16:28:29,975:INFO:display_container: 4
2022-05-20 16:28:29,976:INFO:LGBMClassifier(bagging_fraction=1.0, bagging_freq=5, boosting_type='gbdt',
               class_weight=None, colsample_bytree=1.0, feature_fraction=0.6,
               importance_type='split', learning_rate=0.3, max_depth=-1,
               min_child_samples=61, min_child_weight=0.001, min_split_gain=0.4,
               n_estimators=250, n_jobs=-1, num_leaves=6, objective=None,
               random_state=6739, reg_alpha=0.001, reg_lambda=4, silent='warn',
               subsample=1.0, subsample_for_bin=200000, subsample_freq=0)
2022-05-20 16:28:29,977:INFO:create_model() succesfully completed......................................
2022-05-20 16:28:30,354:INFO:SubProcess create_model() end ==================================
2022-05-20 16:28:30,384:INFO:create_model_container: 16
2022-05-20 16:28:30,384:INFO:master_model_container: 16
2022-05-20 16:28:30,384:INFO:display_container: 4
2022-05-20 16:28:30,385:INFO:LGBMClassifier(bagging_fraction=1.0, bagging_freq=5, boosting_type='gbdt',
               class_weight=None, colsample_bytree=1.0, feature_fraction=0.6,
               importance_type='split', learning_rate=0.3, max_depth=-1,
               min_child_samples=61, min_child_weight=0.001, min_split_gain=0.4,
               n_estimators=250, n_jobs=-1, num_leaves=6, objective=None,
               random_state=6739, reg_alpha=0.001, reg_lambda=4, silent='warn',
               subsample=1.0, subsample_for_bin=200000, subsample_freq=0)
2022-05-20 16:28:30,385:INFO:tune_model() succesfully completed......................................
2022-05-20 16:30:08,702:INFO:Initializing tune_model()
2022-05-20 16:30:08,703:INFO:tune_model(estimator=LGBMClassifier(boosting_type='gbdt', class_weight=None, colsample_bytree=1.0,
               importance_type='split', learning_rate=0.1, max_depth=-1,
               min_child_samples=20, min_child_weight=0.001, min_split_gain=0.0,
               n_estimators=100, n_jobs=-1, num_leaves=31, objective=None,
               random_state=6739, reg_alpha=0.0, reg_lambda=0.0, silent='warn',
               subsample=1.0, subsample_for_bin=200000, subsample_freq=0), fold=None, round=4, n_iter=10, custom_grid=None, optimize=Accuracy, custom_scorer=None, search_library=scikit-learn, search_algorithm=None, early_stopping=False, early_stopping_max_iters=10, choose_better=False, fit_kwargs=None, groups=None, return_tuner=False, verbose=True, tuner_verbose=True, display=None, return_train_score=False, kwargs={'method': 'optuna'})
2022-05-20 16:30:08,703:INFO:Checking exceptions
2022-05-20 16:30:08,705:INFO:Preparing display monitor
2022-05-20 16:30:08,792:INFO:Copying training dataset
2022-05-20 16:30:08,795:INFO:Checking base model
2022-05-20 16:30:08,795:INFO:Base model : Light Gradient Boosting Machine
2022-05-20 16:30:08,843:INFO:Declaring metric variables
2022-05-20 16:30:08,882:INFO:Defining Hyperparameters
2022-05-20 16:30:09,308:INFO:Tuning with n_jobs=-1
2022-05-20 16:30:09,308:INFO:Initializing RandomizedSearchCV
2022-05-20 16:30:40,064:INFO:Initializing tune_model()
2022-05-20 16:30:40,065:INFO:tune_model(estimator=LGBMClassifier(boosting_type='gbdt', class_weight=None, colsample_bytree=1.0,
               importance_type='split', learning_rate=0.1, max_depth=-1,
               min_child_samples=20, min_child_weight=0.001, min_split_gain=0.0,
               n_estimators=100, n_jobs=-1, num_leaves=31, objective=None,
               random_state=6739, reg_alpha=0.0, reg_lambda=0.0, silent='warn',
               subsample=1.0, subsample_for_bin=200000, subsample_freq=0), fold=None, round=4, n_iter=10, custom_grid=None, optimize=Accuracy, custom_scorer=None, search_library=optuna, search_algorithm=None, early_stopping=False, early_stopping_max_iters=10, choose_better=False, fit_kwargs=None, groups=None, return_tuner=False, verbose=True, tuner_verbose=True, display=None, return_train_score=False, kwargs={})
2022-05-20 16:30:40,065:INFO:Checking exceptions
2022-05-20 16:33:06,717:INFO:Initializing tune_model()
2022-05-20 16:33:06,718:INFO:tune_model(estimator=LGBMClassifier(boosting_type='gbdt', class_weight=None, colsample_bytree=1.0,
               importance_type='split', learning_rate=0.1, max_depth=-1,
               min_child_samples=20, min_child_weight=0.001, min_split_gain=0.0,
               n_estimators=100, n_jobs=-1, num_leaves=31, objective=None,
               random_state=6739, reg_alpha=0.0, reg_lambda=0.0, silent='warn',
               subsample=1.0, subsample_for_bin=200000, subsample_freq=0), fold=None, round=4, n_iter=10, custom_grid=None, optimize=Accuracy, custom_scorer=None, search_library=optuna, search_algorithm=None, early_stopping=False, early_stopping_max_iters=10, choose_better=False, fit_kwargs=None, groups=None, return_tuner=False, verbose=True, tuner_verbose=True, display=None, return_train_score=False, kwargs={})
2022-05-20 16:33:06,718:INFO:Checking exceptions
2022-05-20 16:33:07,318:INFO:Preparing display monitor
2022-05-20 16:33:07,389:INFO:Copying training dataset
2022-05-20 16:33:07,391:INFO:Checking base model
2022-05-20 16:33:07,392:INFO:Base model : Light Gradient Boosting Machine
2022-05-20 16:33:07,437:INFO:Declaring metric variables
2022-05-20 16:33:07,484:INFO:Defining Hyperparameters
2022-05-20 16:33:07,924:INFO:Tuning with n_jobs=-1
2022-05-20 16:33:07,928:INFO:Initializing optuna.integration.OptunaSearchCV
2022-05-20 16:36:14,758:INFO:best_params: {'actual_estimator__num_leaves': 94, 'actual_estimator__learning_rate': 0.09423251047626463, 'actual_estimator__n_estimators': 88, 'actual_estimator__min_split_gain': 0.7871763609869431, 'actual_estimator__reg_alpha': 0.0008833277143893839, 'actual_estimator__reg_lambda': 0.6147879430089935, 'actual_estimator__feature_fraction': 0.6651002592367573, 'actual_estimator__bagging_fraction': 0.5732423222926791, 'actual_estimator__bagging_freq': 1, 'actual_estimator__min_child_samples': 100}
2022-05-20 16:36:14,759:WARNING:Couldn't get cv_results from model_grid. Exception:
2022-05-20 16:36:14,759:WARNING:Traceback (most recent call last):
  File "/root/venv/lib/python3.7/site-packages/pycaret/internal/tabular.py", line 4691, in tune_model_supervised
    cv_results = model_grid.cv_results_
AttributeError: 'OptunaSearchCV' object has no attribute 'cv_results_'

2022-05-20 16:36:14,761:INFO:Hyperparameter search completed
2022-05-20 16:36:14,761:INFO:SubProcess create_model() called ==================================
2022-05-20 16:36:14,762:INFO:Initializing create_model()
2022-05-20 16:36:14,762:INFO:create_model(estimator=LGBMClassifier(boosting_type='gbdt', class_weight=None, colsample_bytree=1.0,
               importance_type='split', learning_rate=0.1, max_depth=-1,
               min_child_samples=20, min_child_weight=0.001, min_split_gain=0.0,
               n_estimators=100, n_jobs=-1, num_leaves=31, objective=None,
               random_state=6739, reg_alpha=0.0, reg_lambda=0.0, silent='warn',
               subsample=1.0, subsample_for_bin=200000, subsample_freq=0), fold=StratifiedKFold(n_splits=10, random_state=None, shuffle=False), round=4, cross_validation=True, predict=True, fit_kwargs={}, groups=None, refit=True, verbose=True, system=False, metrics=None, experiment_custom_tags=None, add_to_model_list=True, probability_threshold=None, display=<pycaret.internal.Display.Display object at 0x7f4f1193c350>, return_train_score=False, kwargs={'num_leaves': 94, 'learning_rate': 0.09423251047626463, 'n_estimators': 88, 'min_split_gain': 0.7871763609869431, 'reg_alpha': 0.0008833277143893839, 'reg_lambda': 0.6147879430089935, 'feature_fraction': 0.6651002592367573, 'bagging_fraction': 0.5732423222926791, 'bagging_freq': 1, 'min_child_samples': 100})
2022-05-20 16:36:14,762:INFO:Checking exceptions
2022-05-20 16:36:14,763:INFO:Importing libraries
2022-05-20 16:36:14,763:INFO:Copying training dataset
2022-05-20 16:36:14,765:INFO:Defining folds
2022-05-20 16:36:14,765:INFO:Declaring metric variables
2022-05-20 16:36:14,810:INFO:Importing untrained model
2022-05-20 16:36:14,810:INFO:Declaring custom model
2022-05-20 16:36:14,856:INFO:Light Gradient Boosting Machine Imported succesfully
2022-05-20 16:36:14,946:INFO:Starting cross validation
2022-05-20 16:36:14,947:INFO:Cross validating with StratifiedKFold(n_splits=10, random_state=None, shuffle=False), n_jobs=-1
2022-05-20 16:36:26,691:INFO:Calculating mean and std
2022-05-20 16:36:26,704:INFO:Creating metrics dataframe
2022-05-20 16:36:26,772:INFO:Finalizing model
2022-05-20 16:36:27,489:INFO:Uploading results into container
2022-05-20 16:36:27,490:INFO:Uploading model into container now
2022-05-20 16:36:27,490:INFO:create_model_container: 17
2022-05-20 16:36:27,490:INFO:master_model_container: 17
2022-05-20 16:36:27,490:INFO:display_container: 5
2022-05-20 16:36:27,491:INFO:LGBMClassifier(bagging_fraction=0.5732423222926791, bagging_freq=1,
               boosting_type='gbdt', class_weight=None, colsample_bytree=1.0,
               feature_fraction=0.6651002592367573, importance_type='split',
               learning_rate=0.09423251047626463, max_depth=-1,
               min_child_samples=100, min_child_weight=0.001,
               min_split_gain=0.7871763609869431, n_estimators=88, n_jobs=-1,
               num_leaves=94, objective=None, random_state=6739,
               reg_alpha=0.0008833277143893839, reg_lambda=0.6147879430089935,
               silent='warn', subsample=1.0, subsample_for_bin=200000,
               subsample_freq=0)
2022-05-20 16:36:27,491:INFO:create_model() succesfully completed......................................
2022-05-20 16:36:27,942:INFO:SubProcess create_model() end ==================================
2022-05-20 16:36:27,974:INFO:create_model_container: 17
2022-05-20 16:36:27,974:INFO:master_model_container: 17
2022-05-20 16:36:27,974:INFO:display_container: 5
2022-05-20 16:36:27,975:INFO:LGBMClassifier(bagging_fraction=0.5732423222926791, bagging_freq=1,
               boosting_type='gbdt', class_weight=None, colsample_bytree=1.0,
               feature_fraction=0.6651002592367573, importance_type='split',
               learning_rate=0.09423251047626463, max_depth=-1,
               min_child_samples=100, min_child_weight=0.001,
               min_split_gain=0.7871763609869431, n_estimators=88, n_jobs=-1,
               num_leaves=94, objective=None, random_state=6739,
               reg_alpha=0.0008833277143893839, reg_lambda=0.6147879430089935,
               silent='warn', subsample=1.0, subsample_for_bin=200000,
               subsample_freq=0)
2022-05-20 16:36:27,975:INFO:tune_model() succesfully completed......................................
2022-05-20 16:56:28,478:INFO:PyCaret Supervised Module
2022-05-20 16:56:28,479:INFO:ML Usecase: classification
2022-05-20 16:56:28,479:INFO:version 2.3.10
2022-05-20 16:56:28,479:INFO:Initializing setup()
2022-05-20 16:56:28,479:INFO:setup(target=genre, ml_usecase=classification, available_plots={'parameter': 'Hyperparameters', 'auc': 'AUC', 'confusion_matrix': 'Confusion Matrix', 'threshold': 'Threshold', 'pr': 'Precision Recall', 'error': 'Prediction Error', 'class_report': 'Class Report', 'rfe': 'Feature Selection', 'learning': 'Learning Curve', 'manifold': 'Manifold Learning', 'calibration': 'Calibration Curve', 'vc': 'Validation Curve', 'dimension': 'Dimensions', 'feature': 'Feature Importance', 'feature_all': 'Feature Importance (All)', 'boundary': 'Decision Boundary', 'lift': 'Lift Chart', 'gain': 'Gain Chart', 'tree': 'Decision Tree', 'ks': 'KS Statistic Plot'}, train_size=0.7, test_data=None, preprocess=True, imputation_type=simple, iterative_imputation_iters=5, categorical_features=None, categorical_imputation=constant, categorical_iterative_imputer=lightgbm, ordinal_features=None, high_cardinality_features=None, high_cardinality_method=frequency, numeric_features=None, numeric_imputation=mean, numeric_iterative_imputer=lightgbm, date_features=None, ignore_features=None, normalize=False, normalize_method=zscore, transformation=False, transformation_method=yeo-johnson, handle_unknown_categorical=True, unknown_categorical_method=least_frequent, pca=False, pca_method=linear, pca_components=None, ignore_low_variance=False, combine_rare_levels=False, rare_level_threshold=0.1, bin_numeric_features=None, remove_outliers=False, outliers_threshold=0.05, remove_multicollinearity=False, multicollinearity_threshold=0.9, remove_perfect_collinearity=True, create_clusters=False, cluster_iter=20, polynomial_features=False, polynomial_degree=2, trigonometry_features=False, polynomial_threshold=0.1, group_features=None, group_names=None, feature_selection=False, feature_selection_threshold=0.8, feature_selection_method=classic, feature_interaction=False, feature_ratio=False, interaction_threshold=0.01, fix_imbalance=False, fix_imbalance_method=None, transform_target=False, transform_target_method=box-cox, data_split_shuffle=True, data_split_stratify=False, fold_strategy=stratifiedkfold, fold=10, fold_shuffle=False, fold_groups=None, n_jobs=-1, use_gpu=False, custom_pipeline=None, html=True, session_id=None, log_experiment=False, experiment_name=None, experiment_custom_tags=None, log_plots=False, log_profile=False, log_data=False, silent=False, verbose=True, profile=False, profile_kwargs=None, display=None)
2022-05-20 16:56:28,479:INFO:Checking environment
2022-05-20 16:56:28,479:INFO:python_version: 3.7.12
2022-05-20 16:56:28,479:INFO:python_build: ('default', 'Oct 12 2021 03:36:26')
2022-05-20 16:56:28,479:INFO:machine: x86_64
2022-05-20 16:56:28,479:INFO:platform: Linux-5.4.95-42.163.amzn2.x86_64-x86_64-with-debian-10.11
2022-05-20 16:56:28,503:WARNING:cannot find psutil installation. memory not traceable. Install psutil using pip to enable memory logging.
2022-05-20 16:56:28,503:INFO:Checking libraries
2022-05-20 16:56:28,503:INFO:pd==1.2.5
2022-05-20 16:56:28,504:INFO:numpy==1.21.6
2022-05-20 16:56:28,504:INFO:sklearn==0.23.2
2022-05-20 16:56:28,504:INFO:lightgbm==3.3.2
2022-05-20 16:56:28,505:WARNING:catboost not found
2022-05-20 16:56:28,505:WARNING:xgboost not found
2022-05-20 16:56:28,505:INFO:mlflow==1.26.0
2022-05-20 16:56:28,505:INFO:Checking Exceptions
2022-05-20 16:56:28,506:INFO:Declaring global variables
2022-05-20 16:56:28,506:INFO:USI: f4ab
2022-05-20 16:56:28,506:INFO:pycaret_globals: {'data_before_preprocess', 'imputation_classifier', '_gpu_n_jobs_param', 'create_model_container', '_internal_pipeline', 'fold_groups_param', 'html_param', 'X_test', 'imputation_regressor', 'fold_generator', 'experiment__', 'transform_target_method_param', 'fold_shuffle_param', 'y', '_all_metrics', 'seed', '_all_models_internal', 'gpu_param', 'X', '_all_models', '_available_plots', 'fold_groups_param_full', 'n_jobs_param', 'pycaret_globals', 'fix_imbalance_method_param', 'exp_name_log', 'y_train', 'y_test', 'USI', 'transform_target_param', 'prep_pipe', '_ml_usecase', 'master_model_container', 'stratify_param', 'logging_param', 'dashboard_logger', 'target_param', 'fix_imbalance_param', 'log_plots_param', 'fold_param', 'X_train', 'display_container', 'iterative_imputation_iters_param'}
2022-05-20 16:56:28,506:INFO:Preparing display monitor
2022-05-20 16:56:28,506:INFO:Preparing display monitor
2022-05-20 16:56:28,600:INFO:Importing libraries
2022-05-20 16:56:28,601:INFO:Copying data for preprocessing
2022-05-20 16:56:28,685:INFO:Declaring preprocessing parameters
2022-05-20 16:56:28,751:INFO:Creating preprocessing pipeline
2022-05-20 16:58:54,834:INFO:Preprocessing pipeline created successfully
2022-05-20 16:58:54,843:ERROR:(Process Exit): setup has been interupted with user command 'quit'. setup must rerun.
2022-05-20 16:58:54,843:INFO:Creating global containers
2022-05-20 16:58:54,844:INFO:Internal pipeline: Pipeline(memory=None, steps=[('empty_step', 'passthrough')], verbose=False)
